<?xml version="1.0" encoding="UTF-8"?>
<!-- Generated by org.testng.reporters.JUnitXMLReporter -->
<testsuite hostname="DESKTOP-GECR48J" tests="9" failures="0" timestamp="24 Dec 2016 19:29:05 GMT" time="86.464" errors="0">
  <testcase name="point1" time="4.114" classname="Tests4"/>
  <testcase name="point2and3" time="22.092" classname="Tests4"/>
  <testcase name="point4" time="5.906" classname="Tests4"/>
  <testcase name="point4" time="3.362" classname="Tests4"/>
  <testcase name="point4" time="6.496" classname="Tests4"/>
  <testcase name="point4" time="2.983" classname="Tests4"/>
  <testcase name="point5" time="2.804" classname="Tests4"/>
  <testcase name="point6" time="1.993" classname="Tests4"/>
  <testcase name="point7" time="4.686" classname="Tests4"/>
</testsuite>
