<?xml version="1.0" encoding="UTF-8"?>
<testng-results skipped="0" failed="0" total="9" passed="9">
  <reporter-output>
    <line>
      <![CDATA[Open main page<br>]]>
    </line>
    <line>
      <![CDATA[Moving to HTTP://WWW.BING.COM/<br>]]>
    </line>
    <line>
      <![CDATA[Check page title<br>]]>
    </line>
    <line>
      <![CDATA[Page title is: Bing<br>]]>
    </line>
    <line>
      <![CDATA[Window was maximized<br>]]>
    </line>
    <line>
      <![CDATA[Поиск элемента By.cssSelector: #scpl1<br>]]>
    </line>
    <line>
      <![CDATA[Элемент найден: By.cssSelector: #scpl1<br>]]>
    </line>
    <line>
      <![CDATA[Clicking on element Изображения<br>]]>
    </line>
    <line>
      <![CDATA[Click performed on [[ChromeDriver: chrome on XP (b9b9e82e7ad8b24f9f3382ffaa186c8c)] -> css selector: #scpl1]<br>]]>
    </line>
    <line>
      <![CDATA[Waiting for loading page title<br>]]>
    </line>
    <line>
      <![CDATA[Поиск элемента By.xpath: //*[@class= 'iuscp varh']<br>]]>
    </line>
    <line>
      <![CDATA[Элемент найден: By.xpath: //*[@class= 'iuscp varh']<br>]]>
    </line>
    <line>
      <![CDATA[Script window.scrollBy(0,2000) is executing<br>]]>
    </line>
    <line>
      <![CDATA[window.scrollBy(0,2000) was executed<br>]]>
    </line>
    <line>
      <![CDATA[Поиск элемента By.xpath: //*[@class= 'iuscp varh']<br>]]>
    </line>
    <line>
      <![CDATA[Элемент найден: By.xpath: //*[@class= 'iuscp varh']<br>]]>
    </line>
    <line>
      <![CDATA[Поиск элемента By.xpath: //*[@class= 'iuscp varh']<br>]]>
    </line>
    <line>
      <![CDATA[Элемент найден: By.xpath: //*[@class= 'iuscp varh']<br>]]>
    </line>
    <line>
      <![CDATA[Page was scrolled<br>]]>
    </line>
    <line>
      <![CDATA[Поиск элемента By.xpath: //*[@class= 'iuscp varh']<br>]]>
    </line>
    <line>
      <![CDATA[Элемент найден: By.xpath: //*[@class= 'iuscp varh']<br>]]>
    </line>
    <line>
      <![CDATA[Script window.scrollBy(0,2000) is executing<br>]]>
    </line>
    <line>
      <![CDATA[window.scrollBy(0,2000) was executed<br>]]>
    </line>
    <line>
      <![CDATA[Поиск элемента By.xpath: //*[@class= 'iuscp varh']<br>]]>
    </line>
    <line>
      <![CDATA[Элемент найден: By.xpath: //*[@class= 'iuscp varh']<br>]]>
    </line>
    <line>
      <![CDATA[Поиск элемента By.xpath: //*[@class= 'iuscp varh']<br>]]>
    </line>
    <line>
      <![CDATA[Элемент найден: By.xpath: //*[@class= 'iuscp varh']<br>]]>
    </line>
    <line>
      <![CDATA[Поиск элемента By.xpath: //*[@class= 'iuscp varh']<br>]]>
    </line>
    <line>
      <![CDATA[Элемент найден: By.xpath: //*[@class= 'iuscp varh']<br>]]>
    </line>
    <line>
      <![CDATA[Page was scrolled<br>]]>
    </line>
    <line>
      <![CDATA[Поиск элемента By.xpath: //*[@class= 'iuscp varh']<br>]]>
    </line>
    <line>
      <![CDATA[Элемент найден: By.xpath: //*[@class= 'iuscp varh']<br>]]>
    </line>
    <line>
      <![CDATA[Script window.scrollBy(0,2000) is executing<br>]]>
    </line>
    <line>
      <![CDATA[window.scrollBy(0,2000) was executed<br>]]>
    </line>
    <line>
      <![CDATA[Поиск элемента By.xpath: //*[@class= 'iuscp varh']<br>]]>
    </line>
    <line>
      <![CDATA[Элемент найден: By.xpath: //*[@class= 'iuscp varh']<br>]]>
    </line>
    <line>
      <![CDATA[Поиск элемента By.xpath: //*[@class= 'iuscp varh']<br>]]>
    </line>
    <line>
      <![CDATA[Элемент найден: By.xpath: //*[@class= 'iuscp varh']<br>]]>
    </line>
    <line>
      <![CDATA[Поиск элемента By.xpath: //*[@class= 'iuscp varh']<br>]]>
    </line>
    <line>
      <![CDATA[Элемент найден: By.xpath: //*[@class= 'iuscp varh']<br>]]>
    </line>
    <line>
      <![CDATA[Page was scrolled<br>]]>
    </line>
    <line>
      <![CDATA[Searching using different parameters<br>]]>
    </line>
    <line>
      <![CDATA[Поиск элемента By.cssSelector: #sb_form_q<br>]]>
    </line>
    <line>
      <![CDATA[Элемент найден: By.cssSelector: #sb_form_q<br>]]>
    </line>
    <line>
      <![CDATA[Script window.scrollTo(0,sb_form_q.offsetTop) is executing<br>]]>
    </line>
    <line>
      <![CDATA[window.scrollTo(0,sb_form_q.offsetTop) was executed<br>]]>
    </line>
    <line>
      <![CDATA[Changing the value of [[ChromeDriver: chrome on XP (b9b9e82e7ad8b24f9f3382ffaa186c8c)] -> css selector: #sb_form_q] to [Ljava.lang.CharSequence;@543588e6<br>]]>
    </line>
    <line>
      <![CDATA[The value of [[ChromeDriver: chrome on XP (b9b9e82e7ad8b24f9f3382ffaa186c8c)] -> css selector: #sb_form_q] have changed to [Ljava.lang.CharSequence;@543588e6<br>]]>
    </line>
    <line>
      <![CDATA[Поиск элемента By.id: sb_form_go<br>]]>
    </line>
    <line>
      <![CDATA[Элемент найден: By.id: sb_form_go<br>]]>
    </line>
    <line>
      <![CDATA[Clicking on element <br>]]>
    </line>
    <line>
      <![CDATA[Click performed on [[ChromeDriver: chrome on XP (b9b9e82e7ad8b24f9f3382ffaa186c8c)] -> id: sb_form_go]<br>]]>
    </line>
    <line>
      <![CDATA[Поиск элемента By.xpath: //*[@class='dg_u']<br>]]>
    </line>
    <line>
      <![CDATA[Элемент найден: By.xpath: //*[@class='dg_u']<br>]]>
    </line>
    <line>
      <![CDATA[Поиск элемента By.xpath: //*[@class='dg_u']<br>]]>
    </line>
    <line>
      <![CDATA[Элемент найден: By.xpath: //*[@class='dg_u']<br>]]>
    </line>
    <line>
      <![CDATA[Search was successful with the characters I love QATestLab<br>]]>
    </line>
    <line>
      <![CDATA[Поиск элемента By.cssSelector: #sb_form_q<br>]]>
    </line>
    <line>
      <![CDATA[Элемент найден: By.cssSelector: #sb_form_q<br>]]>
    </line>
    <line>
      <![CDATA[Changing the value of [[ChromeDriver: chrome on XP (b9b9e82e7ad8b24f9f3382ffaa186c8c)] -> css selector: #sb_form_q] to null<br>]]>
    </line>
    <line>
      <![CDATA[The value of [[ChromeDriver: chrome on XP (b9b9e82e7ad8b24f9f3382ffaa186c8c)] -> css selector: #sb_form_q] have changed to null<br>]]>
    </line>
    <line>
      <![CDATA[Searching using different parameters<br>]]>
    </line>
    <line>
      <![CDATA[Поиск элемента By.cssSelector: #sb_form_q<br>]]>
    </line>
    <line>
      <![CDATA[Элемент найден: By.cssSelector: #sb_form_q<br>]]>
    </line>
    <line>
      <![CDATA[Script window.scrollTo(0,sb_form_q.offsetTop) is executing<br>]]>
    </line>
    <line>
      <![CDATA[window.scrollTo(0,sb_form_q.offsetTop) was executed<br>]]>
    </line>
    <line>
      <![CDATA[Changing the value of [[ChromeDriver: chrome on XP (b9b9e82e7ad8b24f9f3382ffaa186c8c)] -> css selector: #sb_form_q] to [Ljava.lang.CharSequence;@4f2b503c<br>]]>
    </line>
    <line>
      <![CDATA[The value of [[ChromeDriver: chrome on XP (b9b9e82e7ad8b24f9f3382ffaa186c8c)] -> css selector: #sb_form_q] have changed to [Ljava.lang.CharSequence;@4f2b503c<br>]]>
    </line>
    <line>
      <![CDATA[Поиск элемента By.id: sb_form_go<br>]]>
    </line>
    <line>
      <![CDATA[Элемент найден: By.id: sb_form_go<br>]]>
    </line>
    <line>
      <![CDATA[Clicking on element <br>]]>
    </line>
    <line>
      <![CDATA[Click performed on [[ChromeDriver: chrome on XP (b9b9e82e7ad8b24f9f3382ffaa186c8c)] -> id: sb_form_go]<br>]]>
    </line>
    <line>
      <![CDATA[Поиск элемента By.xpath: //*[@class='dg_u']<br>]]>
    </line>
    <line>
      <![CDATA[Элемент найден: By.xpath: //*[@class='dg_u']<br>]]>
    </line>
    <line>
      <![CDATA[Поиск элемента By.xpath: //*[@class='dg_u']<br>]]>
    </line>
    <line>
      <![CDATA[Элемент найден: By.xpath: //*[@class='dg_u']<br>]]>
    </line>
    <line>
      <![CDATA[Search was successful with the characters eeeee<br>]]>
    </line>
    <line>
      <![CDATA[Поиск элемента By.cssSelector: #sb_form_q<br>]]>
    </line>
    <line>
      <![CDATA[Элемент найден: By.cssSelector: #sb_form_q<br>]]>
    </line>
    <line>
      <![CDATA[Changing the value of [[ChromeDriver: chrome on XP (b9b9e82e7ad8b24f9f3382ffaa186c8c)] -> css selector: #sb_form_q] to null<br>]]>
    </line>
    <line>
      <![CDATA[The value of [[ChromeDriver: chrome on XP (b9b9e82e7ad8b24f9f3382ffaa186c8c)] -> css selector: #sb_form_q] have changed to null<br>]]>
    </line>
    <line>
      <![CDATA[Searching using different parameters<br>]]>
    </line>
    <line>
      <![CDATA[Поиск элемента By.cssSelector: #sb_form_q<br>]]>
    </line>
    <line>
      <![CDATA[Элемент найден: By.cssSelector: #sb_form_q<br>]]>
    </line>
    <line>
      <![CDATA[Script window.scrollTo(0,sb_form_q.offsetTop) is executing<br>]]>
    </line>
    <line>
      <![CDATA[window.scrollTo(0,sb_form_q.offsetTop) was executed<br>]]>
    </line>
    <line>
      <![CDATA[Changing the value of [[ChromeDriver: chrome on XP (b9b9e82e7ad8b24f9f3382ffaa186c8c)] -> css selector: #sb_form_q] to [Ljava.lang.CharSequence;@485966cc<br>]]>
    </line>
    <line>
      <![CDATA[The value of [[ChromeDriver: chrome on XP (b9b9e82e7ad8b24f9f3382ffaa186c8c)] -> css selector: #sb_form_q] have changed to [Ljava.lang.CharSequence;@485966cc<br>]]>
    </line>
    <line>
      <![CDATA[Поиск элемента By.id: sb_form_go<br>]]>
    </line>
    <line>
      <![CDATA[Элемент найден: By.id: sb_form_go<br>]]>
    </line>
    <line>
      <![CDATA[Clicking on element <br>]]>
    </line>
    <line>
      <![CDATA[Click performed on [[ChromeDriver: chrome on XP (b9b9e82e7ad8b24f9f3382ffaa186c8c)] -> id: sb_form_go]<br>]]>
    </line>
    <line>
      <![CDATA[Поиск элемента By.xpath: //*[@class='dg_u']<br>]]>
    </line>
    <line>
      <![CDATA[Элемент найден: By.xpath: //*[@class='dg_u']<br>]]>
    </line>
    <line>
      <![CDATA[Поиск элемента By.xpath: //*[@class='dg_u']<br>]]>
    </line>
    <line>
      <![CDATA[Элемент найден: By.xpath: //*[@class='dg_u']<br>]]>
    </line>
    <line>
      <![CDATA[Search was successful with the characters roock<br>]]>
    </line>
    <line>
      <![CDATA[Поиск элемента By.cssSelector: #sb_form_q<br>]]>
    </line>
    <line>
      <![CDATA[Элемент найден: By.cssSelector: #sb_form_q<br>]]>
    </line>
    <line>
      <![CDATA[Changing the value of [[ChromeDriver: chrome on XP (b9b9e82e7ad8b24f9f3382ffaa186c8c)] -> css selector: #sb_form_q] to null<br>]]>
    </line>
    <line>
      <![CDATA[The value of [[ChromeDriver: chrome on XP (b9b9e82e7ad8b24f9f3382ffaa186c8c)] -> css selector: #sb_form_q] have changed to null<br>]]>
    </line>
    <line>
      <![CDATA[Searching using different parameters<br>]]>
    </line>
    <line>
      <![CDATA[Поиск элемента By.cssSelector: #sb_form_q<br>]]>
    </line>
    <line>
      <![CDATA[Элемент найден: By.cssSelector: #sb_form_q<br>]]>
    </line>
    <line>
      <![CDATA[Script window.scrollTo(0,sb_form_q.offsetTop) is executing<br>]]>
    </line>
    <line>
      <![CDATA[window.scrollTo(0,sb_form_q.offsetTop) was executed<br>]]>
    </line>
    <line>
      <![CDATA[Changing the value of [[ChromeDriver: chrome on XP (b9b9e82e7ad8b24f9f3382ffaa186c8c)] -> css selector: #sb_form_q] to [Ljava.lang.CharSequence;@3a44431a<br>]]>
    </line>
    <line>
      <![CDATA[The value of [[ChromeDriver: chrome on XP (b9b9e82e7ad8b24f9f3382ffaa186c8c)] -> css selector: #sb_form_q] have changed to [Ljava.lang.CharSequence;@3a44431a<br>]]>
    </line>
    <line>
      <![CDATA[Поиск элемента By.id: sb_form_go<br>]]>
    </line>
    <line>
      <![CDATA[Элемент найден: By.id: sb_form_go<br>]]>
    </line>
    <line>
      <![CDATA[Clicking on element <br>]]>
    </line>
    <line>
      <![CDATA[Click performed on [[ChromeDriver: chrome on XP (b9b9e82e7ad8b24f9f3382ffaa186c8c)] -> id: sb_form_go]<br>]]>
    </line>
    <line>
      <![CDATA[Поиск элемента By.xpath: //*[@class='dg_u']<br>]]>
    </line>
    <line>
      <![CDATA[Элемент найден: By.xpath: //*[@class='dg_u']<br>]]>
    </line>
    <line>
      <![CDATA[Поиск элемента By.xpath: //*[@class='dg_u']<br>]]>
    </line>
    <line>
      <![CDATA[Элемент найден: By.xpath: //*[@class='dg_u']<br>]]>
    </line>
    <line>
      <![CDATA[Search was successful with the characters вареники<br>]]>
    </line>
    <line>
      <![CDATA[Поиск элемента By.cssSelector: #sb_form_q<br>]]>
    </line>
    <line>
      <![CDATA[Элемент найден: By.cssSelector: #sb_form_q<br>]]>
    </line>
    <line>
      <![CDATA[Changing the value of [[ChromeDriver: chrome on XP (b9b9e82e7ad8b24f9f3382ffaa186c8c)] -> css selector: #sb_form_q] to null<br>]]>
    </line>
    <line>
      <![CDATA[The value of [[ChromeDriver: chrome on XP (b9b9e82e7ad8b24f9f3382ffaa186c8c)] -> css selector: #sb_form_q] have changed to null<br>]]>
    </line>
    <line>
      <![CDATA[Поиск элемента By.xpath: (//div[@class='dg_u'])[1]<br>]]>
    </line>
    <line>
      <![CDATA[Элемент найден: By.xpath: (//div[@class='dg_u'])[1]<br>]]>
    </line>
    <line>
      <![CDATA[Поиск элемента By.className: irhc<br>]]>
    </line>
    <line>
      <![CDATA[Элемент найден: By.className: irhc<br>]]>
    </line>
    <line>
      <![CDATA[Checking of presence of elements<br>]]>
    </line>
    <line>
      <![CDATA[Поиск элемента By.className: irhc<br>]]>
    </line>
    <line>
      <![CDATA[Элемент найден: By.className: irhc<br>]]>
    </line>
    <line>
      <![CDATA[Поиск элемента By.xpath: //*[@title='Сохранить это изображение']<br>]]>
    </line>
    <line>
      <![CDATA[Элемент найден: By.xpath: //*[@title='Сохранить это изображение']<br>]]>
    </line>
    <line>
      <![CDATA[Поиск элемента By.xpath: //*[@title='Поиск по изображению']<br>]]>
    </line>
    <line>
      <![CDATA[Элемент найден: By.xpath: //*[@title='Поиск по изображению']<br>]]>
    </line>
    <line>
      <![CDATA[Поиск элемента By.xpath: //*[@title='Пометить как изображение для взрослых']<br>]]>
    </line>
    <line>
      <![CDATA[Элемент найден: By.xpath: //*[@title='Пометить как изображение для взрослых']<br>]]>
    </line>
    <line>
      <![CDATA[All elements appeared after hovering over the image<br>]]>
    </line>
    <line>
      <![CDATA[Поиск элемента By.xpath: //*[@title='Поиск по изображению']<br>]]>
    </line>
    <line>
      <![CDATA[Элемент найден: By.xpath: //*[@title='Поиск по изображению']<br>]]>
    </line>
    <line>
      <![CDATA[Clicking on element <br>]]>
    </line>
    <line>
      <![CDATA[Click performed on [[ChromeDriver: chrome on XP (b9b9e82e7ad8b24f9f3382ffaa186c8c)] -> xpath: //*[@title='Поиск по изображению']]<br>]]>
    </line>
    <line>
      <![CDATA[Поиск элемента By.xpath: //*[@id='detail_canvas']<br>]]>
    </line>
    <line>
      <![CDATA[Элемент найден: By.xpath: //*[@id='detail_canvas']<br>]]>
    </line>
    <line>
      <![CDATA[Поиск элемента By.className: closebutton<br>]]>
    </line>
    <line>
      <![CDATA[Элемент найден: By.className: closebutton<br>]]>
    </line>
    <line>
      <![CDATA[Closebutton is present at the page of slide show<br>]]>
    </line>
    <line>
      <![CDATA[Поиск элемента By.xpath: //*[text()='Смотреть другие изображения']<br>]]>
    </line>
    <line>
      <![CDATA[Элемент найден: By.xpath: //*[text()='Смотреть другие изображения']<br>]]>
    </line>
    <line>
      <![CDATA[Clicking on element Смотреть другие изображения<br>]]>
    </line>
    <line>
      <![CDATA[Click performed on [[ChromeDriver: chrome on XP (b9b9e82e7ad8b24f9f3382ffaa186c8c)] -> xpath: //*[text()='Смотреть другие изображения']]<br>]]>
    </line>
    <line>
      <![CDATA[Поиск элемента By.xpath: //*[@class='iuscp varh']<br>]]>
    </line>
    <line>
      <![CDATA[Элемент найден: By.xpath: //*[@class='iuscp varh']<br>]]>
    </line>
    <line>
      <![CDATA[Images were loaded<br>]]>
    </line>
  </reporter-output>
  <suite name="Suite1" duration-ms="86464" started-at="2016-12-24T19:27:38Z" finished-at="2016-12-24T19:29:04Z">
    <groups>
    </groups>
    <test name="test1" duration-ms="86464" started-at="2016-12-24T19:27:38Z" finished-at="2016-12-24T19:29:04Z">
      <class name="Tests4">
        <test-method status="PASS" signature="preparation()[pri:0, instance:Tests4@5a39699c]" name="preparation" is-config="true" duration-ms="22890" started-at="2016-12-24T21:27:38Z" finished-at="2016-12-24T21:28:01Z">
          <reporter-output>
          </reporter-output>
        </test-method> <!-- preparation -->
        <test-method status="PASS" signature="point1()[pri:0, instance:Tests4@5a39699c]" name="point1" duration-ms="4114" started-at="2016-12-24T21:28:01Z" finished-at="2016-12-24T21:28:05Z">
          <reporter-output>
            <line>
              <![CDATA[Open main page<br>]]>
            </line>
            <line>
              <![CDATA[Moving to HTTP://WWW.BING.COM/<br>]]>
            </line>
            <line>
              <![CDATA[Check page title<br>]]>
            </line>
            <line>
              <![CDATA[Page title is: Bing<br>]]>
            </line>
          </reporter-output>
        </test-method> <!-- point1 -->
        <test-method status="PASS" signature="point2and3()[pri:0, instance:Tests4@5a39699c]" name="point2and3" duration-ms="22092" started-at="2016-12-24T21:28:05Z" finished-at="2016-12-24T21:28:27Z">
          <reporter-output>
            <line>
              <![CDATA[Window was maximized<br>]]>
            </line>
            <line>
              <![CDATA[Поиск элемента By.cssSelector: #scpl1<br>]]>
            </line>
            <line>
              <![CDATA[Элемент найден: By.cssSelector: #scpl1<br>]]>
            </line>
            <line>
              <![CDATA[Clicking on element Изображения<br>]]>
            </line>
            <line>
              <![CDATA[Click performed on [[ChromeDriver: chrome on XP (b9b9e82e7ad8b24f9f3382ffaa186c8c)] -> css selector: #scpl1]<br>]]>
            </line>
            <line>
              <![CDATA[Waiting for loading page title<br>]]>
            </line>
            <line>
              <![CDATA[Поиск элемента By.xpath: //*[@class= 'iuscp varh']<br>]]>
            </line>
            <line>
              <![CDATA[Элемент найден: By.xpath: //*[@class= 'iuscp varh']<br>]]>
            </line>
            <line>
              <![CDATA[Script window.scrollBy(0,2000) is executing<br>]]>
            </line>
            <line>
              <![CDATA[window.scrollBy(0,2000) was executed<br>]]>
            </line>
            <line>
              <![CDATA[Поиск элемента By.xpath: //*[@class= 'iuscp varh']<br>]]>
            </line>
            <line>
              <![CDATA[Элемент найден: By.xpath: //*[@class= 'iuscp varh']<br>]]>
            </line>
            <line>
              <![CDATA[Поиск элемента By.xpath: //*[@class= 'iuscp varh']<br>]]>
            </line>
            <line>
              <![CDATA[Элемент найден: By.xpath: //*[@class= 'iuscp varh']<br>]]>
            </line>
            <line>
              <![CDATA[Page was scrolled<br>]]>
            </line>
            <line>
              <![CDATA[Поиск элемента By.xpath: //*[@class= 'iuscp varh']<br>]]>
            </line>
            <line>
              <![CDATA[Элемент найден: By.xpath: //*[@class= 'iuscp varh']<br>]]>
            </line>
            <line>
              <![CDATA[Script window.scrollBy(0,2000) is executing<br>]]>
            </line>
            <line>
              <![CDATA[window.scrollBy(0,2000) was executed<br>]]>
            </line>
            <line>
              <![CDATA[Поиск элемента By.xpath: //*[@class= 'iuscp varh']<br>]]>
            </line>
            <line>
              <![CDATA[Элемент найден: By.xpath: //*[@class= 'iuscp varh']<br>]]>
            </line>
            <line>
              <![CDATA[Поиск элемента By.xpath: //*[@class= 'iuscp varh']<br>]]>
            </line>
            <line>
              <![CDATA[Элемент найден: By.xpath: //*[@class= 'iuscp varh']<br>]]>
            </line>
            <line>
              <![CDATA[Поиск элемента By.xpath: //*[@class= 'iuscp varh']<br>]]>
            </line>
            <line>
              <![CDATA[Элемент найден: By.xpath: //*[@class= 'iuscp varh']<br>]]>
            </line>
            <line>
              <![CDATA[Page was scrolled<br>]]>
            </line>
            <line>
              <![CDATA[Поиск элемента By.xpath: //*[@class= 'iuscp varh']<br>]]>
            </line>
            <line>
              <![CDATA[Элемент найден: By.xpath: //*[@class= 'iuscp varh']<br>]]>
            </line>
            <line>
              <![CDATA[Script window.scrollBy(0,2000) is executing<br>]]>
            </line>
            <line>
              <![CDATA[window.scrollBy(0,2000) was executed<br>]]>
            </line>
            <line>
              <![CDATA[Поиск элемента By.xpath: //*[@class= 'iuscp varh']<br>]]>
            </line>
            <line>
              <![CDATA[Элемент найден: By.xpath: //*[@class= 'iuscp varh']<br>]]>
            </line>
            <line>
              <![CDATA[Поиск элемента By.xpath: //*[@class= 'iuscp varh']<br>]]>
            </line>
            <line>
              <![CDATA[Элемент найден: By.xpath: //*[@class= 'iuscp varh']<br>]]>
            </line>
            <line>
              <![CDATA[Поиск элемента By.xpath: //*[@class= 'iuscp varh']<br>]]>
            </line>
            <line>
              <![CDATA[Элемент найден: By.xpath: //*[@class= 'iuscp varh']<br>]]>
            </line>
            <line>
              <![CDATA[Page was scrolled<br>]]>
            </line>
          </reporter-output>
        </test-method> <!-- point2and3 -->
        <test-method status="PASS" signature="point4(java.lang.String)[pri:0, instance:Tests4@5a39699c]" name="point4" duration-ms="5906" started-at="2016-12-24T21:28:27Z" data-provider="point4" depends-on-methods="Tests4.point2and3" finished-at="2016-12-24T21:28:33Z">
          <params>
            <param index="0">
              <value>
                <![CDATA[I love QATestLab]]>
              </value>
            </param>
          </params>
          <reporter-output>
            <line>
              <![CDATA[Searching using different parameters<br>]]>
            </line>
            <line>
              <![CDATA[Поиск элемента By.cssSelector: #sb_form_q<br>]]>
            </line>
            <line>
              <![CDATA[Элемент найден: By.cssSelector: #sb_form_q<br>]]>
            </line>
            <line>
              <![CDATA[Script window.scrollTo(0,sb_form_q.offsetTop) is executing<br>]]>
            </line>
            <line>
              <![CDATA[window.scrollTo(0,sb_form_q.offsetTop) was executed<br>]]>
            </line>
            <line>
              <![CDATA[Changing the value of [[ChromeDriver: chrome on XP (b9b9e82e7ad8b24f9f3382ffaa186c8c)] -> css selector: #sb_form_q] to [Ljava.lang.CharSequence;@543588e6<br>]]>
            </line>
            <line>
              <![CDATA[The value of [[ChromeDriver: chrome on XP (b9b9e82e7ad8b24f9f3382ffaa186c8c)] -> css selector: #sb_form_q] have changed to [Ljava.lang.CharSequence;@543588e6<br>]]>
            </line>
            <line>
              <![CDATA[Поиск элемента By.id: sb_form_go<br>]]>
            </line>
            <line>
              <![CDATA[Элемент найден: By.id: sb_form_go<br>]]>
            </line>
            <line>
              <![CDATA[Clicking on element <br>]]>
            </line>
            <line>
              <![CDATA[Click performed on [[ChromeDriver: chrome on XP (b9b9e82e7ad8b24f9f3382ffaa186c8c)] -> id: sb_form_go]<br>]]>
            </line>
            <line>
              <![CDATA[Поиск элемента By.xpath: //*[@class='dg_u']<br>]]>
            </line>
            <line>
              <![CDATA[Элемент найден: By.xpath: //*[@class='dg_u']<br>]]>
            </line>
            <line>
              <![CDATA[Поиск элемента By.xpath: //*[@class='dg_u']<br>]]>
            </line>
            <line>
              <![CDATA[Элемент найден: By.xpath: //*[@class='dg_u']<br>]]>
            </line>
            <line>
              <![CDATA[Search was successful with the characters I love QATestLab<br>]]>
            </line>
            <line>
              <![CDATA[Поиск элемента By.cssSelector: #sb_form_q<br>]]>
            </line>
            <line>
              <![CDATA[Элемент найден: By.cssSelector: #sb_form_q<br>]]>
            </line>
            <line>
              <![CDATA[Changing the value of [[ChromeDriver: chrome on XP (b9b9e82e7ad8b24f9f3382ffaa186c8c)] -> css selector: #sb_form_q] to null<br>]]>
            </line>
            <line>
              <![CDATA[The value of [[ChromeDriver: chrome on XP (b9b9e82e7ad8b24f9f3382ffaa186c8c)] -> css selector: #sb_form_q] have changed to null<br>]]>
            </line>
          </reporter-output>
        </test-method> <!-- point4 -->
        <test-method status="PASS" signature="point4(java.lang.String)[pri:0, instance:Tests4@5a39699c]" name="point4" duration-ms="3362" started-at="2016-12-24T21:28:33Z" data-provider="point4" depends-on-methods="Tests4.point2and3" finished-at="2016-12-24T21:28:36Z">
          <params>
            <param index="0">
              <value>
                <![CDATA[eeeee]]>
              </value>
            </param>
          </params>
          <reporter-output>
            <line>
              <![CDATA[Searching using different parameters<br>]]>
            </line>
            <line>
              <![CDATA[Поиск элемента By.cssSelector: #sb_form_q<br>]]>
            </line>
            <line>
              <![CDATA[Элемент найден: By.cssSelector: #sb_form_q<br>]]>
            </line>
            <line>
              <![CDATA[Script window.scrollTo(0,sb_form_q.offsetTop) is executing<br>]]>
            </line>
            <line>
              <![CDATA[window.scrollTo(0,sb_form_q.offsetTop) was executed<br>]]>
            </line>
            <line>
              <![CDATA[Changing the value of [[ChromeDriver: chrome on XP (b9b9e82e7ad8b24f9f3382ffaa186c8c)] -> css selector: #sb_form_q] to [Ljava.lang.CharSequence;@4f2b503c<br>]]>
            </line>
            <line>
              <![CDATA[The value of [[ChromeDriver: chrome on XP (b9b9e82e7ad8b24f9f3382ffaa186c8c)] -> css selector: #sb_form_q] have changed to [Ljava.lang.CharSequence;@4f2b503c<br>]]>
            </line>
            <line>
              <![CDATA[Поиск элемента By.id: sb_form_go<br>]]>
            </line>
            <line>
              <![CDATA[Элемент найден: By.id: sb_form_go<br>]]>
            </line>
            <line>
              <![CDATA[Clicking on element <br>]]>
            </line>
            <line>
              <![CDATA[Click performed on [[ChromeDriver: chrome on XP (b9b9e82e7ad8b24f9f3382ffaa186c8c)] -> id: sb_form_go]<br>]]>
            </line>
            <line>
              <![CDATA[Поиск элемента By.xpath: //*[@class='dg_u']<br>]]>
            </line>
            <line>
              <![CDATA[Элемент найден: By.xpath: //*[@class='dg_u']<br>]]>
            </line>
            <line>
              <![CDATA[Поиск элемента By.xpath: //*[@class='dg_u']<br>]]>
            </line>
            <line>
              <![CDATA[Элемент найден: By.xpath: //*[@class='dg_u']<br>]]>
            </line>
            <line>
              <![CDATA[Search was successful with the characters eeeee<br>]]>
            </line>
            <line>
              <![CDATA[Поиск элемента By.cssSelector: #sb_form_q<br>]]>
            </line>
            <line>
              <![CDATA[Элемент найден: By.cssSelector: #sb_form_q<br>]]>
            </line>
            <line>
              <![CDATA[Changing the value of [[ChromeDriver: chrome on XP (b9b9e82e7ad8b24f9f3382ffaa186c8c)] -> css selector: #sb_form_q] to null<br>]]>
            </line>
            <line>
              <![CDATA[The value of [[ChromeDriver: chrome on XP (b9b9e82e7ad8b24f9f3382ffaa186c8c)] -> css selector: #sb_form_q] have changed to null<br>]]>
            </line>
          </reporter-output>
        </test-method> <!-- point4 -->
        <test-method status="PASS" signature="point4(java.lang.String)[pri:0, instance:Tests4@5a39699c]" name="point4" duration-ms="6496" started-at="2016-12-24T21:28:36Z" data-provider="point4" depends-on-methods="Tests4.point2and3" finished-at="2016-12-24T21:28:43Z">
          <params>
            <param index="0">
              <value>
                <![CDATA[roock]]>
              </value>
            </param>
          </params>
          <reporter-output>
            <line>
              <![CDATA[Searching using different parameters<br>]]>
            </line>
            <line>
              <![CDATA[Поиск элемента By.cssSelector: #sb_form_q<br>]]>
            </line>
            <line>
              <![CDATA[Элемент найден: By.cssSelector: #sb_form_q<br>]]>
            </line>
            <line>
              <![CDATA[Script window.scrollTo(0,sb_form_q.offsetTop) is executing<br>]]>
            </line>
            <line>
              <![CDATA[window.scrollTo(0,sb_form_q.offsetTop) was executed<br>]]>
            </line>
            <line>
              <![CDATA[Changing the value of [[ChromeDriver: chrome on XP (b9b9e82e7ad8b24f9f3382ffaa186c8c)] -> css selector: #sb_form_q] to [Ljava.lang.CharSequence;@485966cc<br>]]>
            </line>
            <line>
              <![CDATA[The value of [[ChromeDriver: chrome on XP (b9b9e82e7ad8b24f9f3382ffaa186c8c)] -> css selector: #sb_form_q] have changed to [Ljava.lang.CharSequence;@485966cc<br>]]>
            </line>
            <line>
              <![CDATA[Поиск элемента By.id: sb_form_go<br>]]>
            </line>
            <line>
              <![CDATA[Элемент найден: By.id: sb_form_go<br>]]>
            </line>
            <line>
              <![CDATA[Clicking on element <br>]]>
            </line>
            <line>
              <![CDATA[Click performed on [[ChromeDriver: chrome on XP (b9b9e82e7ad8b24f9f3382ffaa186c8c)] -> id: sb_form_go]<br>]]>
            </line>
            <line>
              <![CDATA[Поиск элемента By.xpath: //*[@class='dg_u']<br>]]>
            </line>
            <line>
              <![CDATA[Элемент найден: By.xpath: //*[@class='dg_u']<br>]]>
            </line>
            <line>
              <![CDATA[Поиск элемента By.xpath: //*[@class='dg_u']<br>]]>
            </line>
            <line>
              <![CDATA[Элемент найден: By.xpath: //*[@class='dg_u']<br>]]>
            </line>
            <line>
              <![CDATA[Search was successful with the characters roock<br>]]>
            </line>
            <line>
              <![CDATA[Поиск элемента By.cssSelector: #sb_form_q<br>]]>
            </line>
            <line>
              <![CDATA[Элемент найден: By.cssSelector: #sb_form_q<br>]]>
            </line>
            <line>
              <![CDATA[Changing the value of [[ChromeDriver: chrome on XP (b9b9e82e7ad8b24f9f3382ffaa186c8c)] -> css selector: #sb_form_q] to null<br>]]>
            </line>
            <line>
              <![CDATA[The value of [[ChromeDriver: chrome on XP (b9b9e82e7ad8b24f9f3382ffaa186c8c)] -> css selector: #sb_form_q] have changed to null<br>]]>
            </line>
          </reporter-output>
        </test-method> <!-- point4 -->
        <test-method status="PASS" signature="point4(java.lang.String)[pri:0, instance:Tests4@5a39699c]" name="point4" duration-ms="2983" started-at="2016-12-24T21:28:43Z" data-provider="point4" depends-on-methods="Tests4.point2and3" finished-at="2016-12-24T21:28:46Z">
          <params>
            <param index="0">
              <value>
                <![CDATA[вареники]]>
              </value>
            </param>
          </params>
          <reporter-output>
            <line>
              <![CDATA[Searching using different parameters<br>]]>
            </line>
            <line>
              <![CDATA[Поиск элемента By.cssSelector: #sb_form_q<br>]]>
            </line>
            <line>
              <![CDATA[Элемент найден: By.cssSelector: #sb_form_q<br>]]>
            </line>
            <line>
              <![CDATA[Script window.scrollTo(0,sb_form_q.offsetTop) is executing<br>]]>
            </line>
            <line>
              <![CDATA[window.scrollTo(0,sb_form_q.offsetTop) was executed<br>]]>
            </line>
            <line>
              <![CDATA[Changing the value of [[ChromeDriver: chrome on XP (b9b9e82e7ad8b24f9f3382ffaa186c8c)] -> css selector: #sb_form_q] to [Ljava.lang.CharSequence;@3a44431a<br>]]>
            </line>
            <line>
              <![CDATA[The value of [[ChromeDriver: chrome on XP (b9b9e82e7ad8b24f9f3382ffaa186c8c)] -> css selector: #sb_form_q] have changed to [Ljava.lang.CharSequence;@3a44431a<br>]]>
            </line>
            <line>
              <![CDATA[Поиск элемента By.id: sb_form_go<br>]]>
            </line>
            <line>
              <![CDATA[Элемент найден: By.id: sb_form_go<br>]]>
            </line>
            <line>
              <![CDATA[Clicking on element <br>]]>
            </line>
            <line>
              <![CDATA[Click performed on [[ChromeDriver: chrome on XP (b9b9e82e7ad8b24f9f3382ffaa186c8c)] -> id: sb_form_go]<br>]]>
            </line>
            <line>
              <![CDATA[Поиск элемента By.xpath: //*[@class='dg_u']<br>]]>
            </line>
            <line>
              <![CDATA[Элемент найден: By.xpath: //*[@class='dg_u']<br>]]>
            </line>
            <line>
              <![CDATA[Поиск элемента By.xpath: //*[@class='dg_u']<br>]]>
            </line>
            <line>
              <![CDATA[Элемент найден: By.xpath: //*[@class='dg_u']<br>]]>
            </line>
            <line>
              <![CDATA[Search was successful with the characters вареники<br>]]>
            </line>
            <line>
              <![CDATA[Поиск элемента By.cssSelector: #sb_form_q<br>]]>
            </line>
            <line>
              <![CDATA[Элемент найден: By.cssSelector: #sb_form_q<br>]]>
            </line>
            <line>
              <![CDATA[Changing the value of [[ChromeDriver: chrome on XP (b9b9e82e7ad8b24f9f3382ffaa186c8c)] -> css selector: #sb_form_q] to null<br>]]>
            </line>
            <line>
              <![CDATA[The value of [[ChromeDriver: chrome on XP (b9b9e82e7ad8b24f9f3382ffaa186c8c)] -> css selector: #sb_form_q] have changed to null<br>]]>
            </line>
          </reporter-output>
        </test-method> <!-- point4 -->
        <test-method status="PASS" signature="point5()[pri:0, instance:Tests4@5a39699c]" name="point5" duration-ms="2804" started-at="2016-12-24T21:28:46Z" depends-on-methods="Tests4.point4" finished-at="2016-12-24T21:28:49Z">
          <reporter-output>
            <line>
              <![CDATA[Поиск элемента By.xpath: (//div[@class='dg_u'])[1]<br>]]>
            </line>
            <line>
              <![CDATA[Элемент найден: By.xpath: (//div[@class='dg_u'])[1]<br>]]>
            </line>
            <line>
              <![CDATA[Поиск элемента By.className: irhc<br>]]>
            </line>
            <line>
              <![CDATA[Элемент найден: By.className: irhc<br>]]>
            </line>
            <line>
              <![CDATA[Checking of presence of elements<br>]]>
            </line>
            <line>
              <![CDATA[Поиск элемента By.className: irhc<br>]]>
            </line>
            <line>
              <![CDATA[Элемент найден: By.className: irhc<br>]]>
            </line>
            <line>
              <![CDATA[Поиск элемента By.xpath: //*[@title='Сохранить это изображение']<br>]]>
            </line>
            <line>
              <![CDATA[Элемент найден: By.xpath: //*[@title='Сохранить это изображение']<br>]]>
            </line>
            <line>
              <![CDATA[Поиск элемента By.xpath: //*[@title='Поиск по изображению']<br>]]>
            </line>
            <line>
              <![CDATA[Элемент найден: By.xpath: //*[@title='Поиск по изображению']<br>]]>
            </line>
            <line>
              <![CDATA[Поиск элемента By.xpath: //*[@title='Пометить как изображение для взрослых']<br>]]>
            </line>
            <line>
              <![CDATA[Элемент найден: By.xpath: //*[@title='Пометить как изображение для взрослых']<br>]]>
            </line>
            <line>
              <![CDATA[All elements appeared after hovering over the image<br>]]>
            </line>
          </reporter-output>
        </test-method> <!-- point5 -->
        <test-method status="PASS" signature="point6()[pri:0, instance:Tests4@5a39699c]" name="point6" duration-ms="1993" started-at="2016-12-24T21:28:49Z" depends-on-methods="Tests4.point5" finished-at="2016-12-24T21:28:51Z">
          <reporter-output>
            <line>
              <![CDATA[Поиск элемента By.xpath: //*[@title='Поиск по изображению']<br>]]>
            </line>
            <line>
              <![CDATA[Элемент найден: By.xpath: //*[@title='Поиск по изображению']<br>]]>
            </line>
            <line>
              <![CDATA[Clicking on element <br>]]>
            </line>
            <line>
              <![CDATA[Click performed on [[ChromeDriver: chrome on XP (b9b9e82e7ad8b24f9f3382ffaa186c8c)] -> xpath: //*[@title='Поиск по изображению']]<br>]]>
            </line>
            <line>
              <![CDATA[Поиск элемента By.xpath: //*[@id='detail_canvas']<br>]]>
            </line>
            <line>
              <![CDATA[Элемент найден: By.xpath: //*[@id='detail_canvas']<br>]]>
            </line>
            <line>
              <![CDATA[Поиск элемента By.className: closebutton<br>]]>
            </line>
            <line>
              <![CDATA[Элемент найден: By.className: closebutton<br>]]>
            </line>
            <line>
              <![CDATA[Closebutton is present at the page of slide show<br>]]>
            </line>
          </reporter-output>
        </test-method> <!-- point6 -->
        <test-method status="PASS" signature="point7(java.lang.Integer)[pri:0, instance:Tests4@5a39699c]" name="point7" duration-ms="4686" started-at="2016-12-24T21:28:51Z" depends-on-methods="Tests4.point6" finished-at="2016-12-24T21:28:55Z">
          <params>
            <param index="0">
              <value>
                <![CDATA[6]]>
              </value>
            </param>
          </params>
          <reporter-output>
            <line>
              <![CDATA[Поиск элемента By.xpath: //*[text()='Смотреть другие изображения']<br>]]>
            </line>
            <line>
              <![CDATA[Элемент найден: By.xpath: //*[text()='Смотреть другие изображения']<br>]]>
            </line>
            <line>
              <![CDATA[Clicking on element Смотреть другие изображения<br>]]>
            </line>
            <line>
              <![CDATA[Click performed on [[ChromeDriver: chrome on XP (b9b9e82e7ad8b24f9f3382ffaa186c8c)] -> xpath: //*[text()='Смотреть другие изображения']]<br>]]>
            </line>
            <line>
              <![CDATA[Поиск элемента By.xpath: //*[@class='iuscp varh']<br>]]>
            </line>
            <line>
              <![CDATA[Элемент найден: By.xpath: //*[@class='iuscp varh']<br>]]>
            </line>
            <line>
              <![CDATA[Images were loaded<br>]]>
            </line>
          </reporter-output>
        </test-method> <!-- point7 -->
        <test-method status="PASS" signature="tearDown()[pri:0, instance:Tests4@5a39699c]" name="tearDown" is-config="true" duration-ms="9008" started-at="2016-12-24T21:28:55Z" finished-at="2016-12-24T21:29:04Z">
          <reporter-output>
          </reporter-output>
        </test-method> <!-- tearDown -->
      </class> <!-- Tests4 -->
    </test> <!-- test1 -->
  </suite> <!-- Suite1 -->
</testng-results>
